---------------------------------
---------------------------------
Node_LIST:,node27-002,node27-003
-------------------iter:0------------------------
monitoring,start,0,PID:,69986
--------------------------------------------------
-------------------iter:1------------------------
distribute,from:,node27-003
monitoring,start,1,PID:,69987
--------------------------------------------------
distribute,from:,node27-002
main,tool,program,PID:,70058
0,0,70058
0,PID_LIST:,69986,69987
0,0,Coordinated,Test,of,Parallel,I/O
0,,:,Wed,Apr,12,15:25:23,2023
Command,line,:,ior,-a,0,-t,100000000,-b,1000000000,-C
0,,:,Linux,0
TestID,,:,0
StartTime,,:,Wed,Apr,12,15:25:23,2023
Path,,:,/home/fuchs/aglippert/machajewskim/development/node-level-resource-monitoring/src
FS,,:,36,0,Used,FS:,0,Inodes:,582,0,Used,Inodes:,0
