---------------------------------
---------------------------------
Node_LIST:,node27-004,node29-015,node30-004,node33-011,node33-020
-------------------iter:0------------------------
monitoring,start,0,PID:,36344
--------------------------------------------------
-------------------iter:1------------------------
distribute,from:,node29-015
monitoring,start,1,PID:,36346
--------------------------------------------------
-------------------iter:2------------------------
distribute,from:,node30-004
monitoring,start,2,PID:,36348
--------------------------------------------------
-------------------iter:3------------------------
distribute,from:,node33-011
monitoring,start,3,PID:,36350
--------------------------------------------------
-------------------iter:4------------------------
distribute,from:,node33-020
monitoring,start,4,PID:,36352
--------------------------------------------------
distribute,from:,node27-004
main,tool,program,PID:,36442
0,0,36442
0,PID_LIST:,36344,36346,36348,36350,36352
Start,rehearsal,measurement,0
0,the,performance,in,3,0
0,dimensions,are:,128x128x256
