---------------------------------
---------------------------------
Node_LIST: node27-010 node27-011 node27-012
-------------------iter:0------------------------
monitoring start 0 PID: 80238
--------------------------------------------------
-------------------iter:1------------------------
distribute from: node27-011
monitoring start 1 PID: 80240
--------------------------------------------------
-------------------iter:2------------------------
distribute from: node27-012
monitoring start 2 PID: 80242
--------------------------------------------------
distribute from: node27-010
main tool program PID: 80321
MY MAIN_PID: 80321
MY PID_LIST: 80238 80240 80242
IOR-3.3.0: MPI Coordinated Test of Parallel I/O
Began               : Sun Apr 16 14:40:38 2023
Command line        : ior -a MPIIO -t 1000M -b 1000M -k
Machine             : Linux node27-010.cm.cluster
TestID              : 0
StartTime           : Sun Apr 16 14:40:38 2023
Path                : /home/fuchs/aglippert/machajewskim/development/node-level-resource-monitoring/src
FS                  : 36.2 TiB   Used FS: 10.7%   Inodes: 581.9 Mi   Used Inodes: 7.3%

Options: 
api                 : MPIIO
apiVersion          : (3.1)
test filename       : testFile
access              : single-shared-file
type                : independent
segments            : 1
ordering in a file  : sequential
ordering inter file : no tasks offsets
nodes               : 3
tasks               : 15
clients per node    : 5
repetitions         : 1
xfersize            : 1000 MiB
blocksize           : 1000 MiB
aggregate filesize  : 14.65 GiB

Results: 

access    bw(MiB/s)  IOPS       Latency(s)  block(KiB) xfer(KiB)  open(s)    wr/rd(s)   close(s)   total(s)   iter
------    ---------  ----       ----------  ---------- ---------  --------   --------   --------   --------   ----
write     42.17      0.042169   68.70       1024000    1024000    0.008865   355.72     309.57     355.73     0   
read      217.40     0.217750   66.97       1024000    1024000    0.109468   68.89      2.10       69.00      0   
Max Write: 42.17 MiB/sec (44.22 MB/sec)
Max Read:  217.40 MiB/sec (227.96 MB/sec)

Summary of all tests:
Operation   Max(MiB)   Min(MiB)  Mean(MiB)     StdDev   Max(OPs)   Min(OPs)  Mean(OPs)     StdDev    Mean(s) Stonewall(s) Stonewall(MiB) Test# #Tasks tPN reps fPP reord reordoff reordrand seed segcnt   blksiz    xsize aggs(MiB)   API RefNum
write          42.17      42.17      42.17       0.00       0.04       0.04       0.04       0.00  355.72587         NA            NA     0     15   5    1   0     0        1         0    0      1 1048576000 1048576000   15000.0 MPIIO      0
read          217.40     217.40     217.40       0.00       0.22       0.22       0.22       0.00   68.99733         NA            NA     0     15   5    1   0     0        1         0    0      1 1048576000 1048576000   15000.0 MPIIO      0
Finished            : Sun Apr 16 14:47:44 2023
 
 
WAIT FOR 60 seconds
TERMINATE METRIC JOB - PID: 80238
./jobdistributor.sh: line 129: kill: (80238) - No such process
TERMINATE METRIC JOB - PID: 80240
./jobdistributor.sh: line 138: 80240 Killed                  mpirun --oversubscribe -npernode 1 -H ${NODE_LIST[$i]} python3 $(pwd)/gstart.py "$2" >> workermon${NODE_LIST[$i]}.txt
TERMINATE METRIC JOB - PID: 80242
./jobdistributor.sh: line 138: 80242 Killed                  mpirun --oversubscribe -npernode 1 -H ${NODE_LIST[$i]} python3 $(pwd)/gstart.py "$2" >> workermon${NODE_LIST[$i]}.txt
\n
