---------------------------------
---------------------------------
Node_LIST: node27-010 node27-011 node27-012
-------------------iter:0------------------------
monitoring start 0 PID: 44158
--------------------------------------------------
-------------------iter:1------------------------
distribute from: node27-011
monitoring start 1 PID: 44159
--------------------------------------------------
-------------------iter:2------------------------
distribute from: node27-012
monitoring start 2 PID: 44162
--------------------------------------------------
distribute from: node27-010
main tool program PID: 44242
MY MAIN_PID: 44242
MY PID_LIST: 44158 44159 44162
IOR-3.3.0: MPI Coordinated Test of Parallel I/O
Began               : Sun Apr 16 11:12:22 2023
Command line        : ior -a MPIIO -t 100M -b 300M -F -C -o /home/fuchs/aglippert/machajewskim/development/node-level-resource-monitoring/src/testFile.out
Machine             : Linux node27-010.cm.cluster
TestID              : 0
StartTime           : Sun Apr 16 11:12:22 2023
Path                : /home/fuchs/aglippert/machajewskim/development/node-level-resource-monitoring/src
FS                  : 36.2 TiB   Used FS: 10.7%   Inodes: 581.9 Mi   Used Inodes: 7.3%

Options: 
api                 : MPIIO
apiVersion          : (3.1)
test filename       : /home/fuchs/aglippert/machajewskim/development/node-level-resource-monitoring/src/testFile.out
access              : file-per-process
type                : independent
segments            : 1
ordering in a file  : sequential
ordering inter file : constant task offset
task offset         : 1
nodes               : 3
tasks               : 44
clients per node    : 15
repetitions         : 1
xfersize            : 100 MiB
blocksize           : 300 MiB
aggregate filesize  : 12.89 GiB

Results: 

access    bw(MiB/s)  IOPS       Latency(s)  block(KiB) xfer(KiB)  open(s)    wr/rd(s)   close(s)   total(s)   iter
------    ---------  ----       ----------  ---------- ---------  --------   --------   --------   --------   ----
write     137.34     1.37       31.94       307200     102400     0.021191   96.10      15.14      96.11      0   
read      200.04     2.00       6.82        307200     102400     53.95      65.87      54.01      65.99      0   
remove    -          -          -           -          -          -          -          -          2.62       0   
Max Write: 137.34 MiB/sec (144.01 MB/sec)
Max Read:  200.04 MiB/sec (209.76 MB/sec)

Summary of all tests:
Operation   Max(MiB)   Min(MiB)  Mean(MiB)     StdDev   Max(OPs)   Min(OPs)  Mean(OPs)     StdDev    Mean(s) Stonewall(s) Stonewall(MiB) Test# #Tasks tPN reps fPP reord reordoff reordrand seed segcnt   blksiz    xsize aggs(MiB)   API RefNum
write         137.34     137.34     137.34       0.00       1.37       1.37       1.37       0.00   96.11070         NA            NA     0     44  15    1   1     1        1         0    0      1 314572800 104857600   13200.0 MPIIO      0
read          200.04     200.04     200.04       0.00       2.00       2.00       2.00       0.00   65.98662         NA            NA     0     44  15    1   1     1        1         0    0      1 314572800 104857600   13200.0 MPIIO      0
Finished            : Sun Apr 16 11:15:07 2023
TERMINATE METRIC JOB - PID: 44158
./jobdistributor.sh: line 126: kill: (44158) - No such process
TERMINATE METRIC JOB - PID: 44159
./jobdistributor.sh: line 135: 44159 Killed                  mpirun --oversubscribe -npernode 1 -H ${NODE_LIST[$i]} python3 $(pwd)/gstart.py "$2" >> workermon${NODE_LIST[$i]}.txt
TERMINATE METRIC JOB - PID: 44162
./jobdistributor.sh: line 135: 44162 Killed                  mpirun --oversubscribe -npernode 1 -H ${NODE_LIST[$i]} python3 $(pwd)/gstart.py "$2" >> workermon${NODE_LIST[$i]}.txt
\n
mv: cannot move ‘slurm-995978.out’ to ‘outp_monitoring_2023_04_16_11:12:01/slurm-995978.out’: Device or resource busy
