---------------------------------
---------------------------------
Node_LIST:,node27-010,node27-011,node27-012
-------------------iter:0------------------------
monitoring,start,0,PID:,57240
--------------------------------------------------
-------------------iter:1------------------------
distribute,from:,node27-011
monitoring,start,1,PID:,57242
--------------------------------------------------
-------------------iter:2------------------------
distribute,from:,node27-012
monitoring,start,2,PID:,57244
--------------------------------------------------
distribute,from:,node27-010
main,tool,program,PID:,57324
0,0,57324
0,PID_LIST:,57240,57242,57244
IOR-3.3.0:,0,Coordinated,Test,of,Parallel,I/O
0,,:,Sun,Apr,16,12:26:47,2023
Command,line,:,ior,-a,0,-t,500000000,-b,500000000,-k
0,,:,Linux,node27-010.cm.cluster
TestID,,:,0
StartTime,,:,Sun,Apr,16,12:26:47,2023
Path,,:,/home/fuchs/aglippert/machajewskim/development/node-level-resource-monitoring/src
FS,,:,36,0,Used,FS:,0,Inodes:,582,0,Used,Inodes:,0
