---------------------------------
---------------------------------
Node_LIST:,node27-004,node29-015,node30-004,node33-011,node33-020
-------------------iter:0------------------------
monitoring,start,0,PID:,32617
--------------------------------------------------
-------------------iter:1------------------------
distribute,from:,node29-015
monitoring,start,1,PID:,32618
--------------------------------------------------
-------------------iter:2------------------------
distribute,from:,node30-004
monitoring,start,2,PID:,32621
--------------------------------------------------
-------------------iter:3------------------------
distribute,from:,node33-011
monitoring,start,3,PID:,32623
--------------------------------------------------
-------------------iter:4------------------------
distribute,from:,node33-020
monitoring,start,4,PID:,32625
--------------------------------------------------
distribute,from:,node27-004
main,tool,program,PID:,32716
0,0,32716
0,PID_LIST:,32617,32618,32621,32623,32625
Start,rehearsal,measurement,0
0,the,performance,in,3,0
World,grid,dimensions,are:,35x35x67
0,dimension,per,process:,10x10x18
