---------------------------------
---------------------------------
Node_LIST:,node24-014,node24-015,node24-017,node24-018
-------------------iter:0------------------------
monitoring,start,0,PID:,119443
--------------------------------------------------
-------------------iter:1------------------------
distribute,from:,node24-015
monitoring,start,1,PID:,119444
--------------------------------------------------
-------------------iter:2------------------------
distribute,from:,node24-017
monitoring,start,2,PID:,119446
--------------------------------------------------
-------------------iter:3------------------------
distribute,from:,node24-018
monitoring,start,3,PID:,119448
--------------------------------------------------
distribute,from:,node24-014
main,tool,program,PID:,119539
0,0,119539
0,PID_LIST:,119443,119444,119446,119448
IOR-3.3.0:,0,Coordinated,Test,of,Parallel,I/O
0,,:,Fri,Apr,14,05:42:41,2023
Command,line,:,ior,-a,0,-t,500000000,-b,1000000000,-F
0,,:,Linux,node24-014.cm.cluster
TestID,,:,0
StartTime,,:,Fri,Apr,14,05:42:41,2023
Path,,:,/home/fuchs/aglippert/machajewskim/development/node-level-resource-monitoring/src
FS,,:,36.2,0,Used,FS:,10.7%,Inodes:,581.9,0,Used,Inodes:,7.3%
