---------------------------------
---------------------------------
Node_LIST:,node28-001,node28-002,node28-003,node28-004
-------------------iter:0------------------------
monitoring,start,0,PID:,60367
--------------------------------------------------
-------------------iter:1------------------------
distribute,from:,node28-002
monitoring,start,1,PID:,60369
--------------------------------------------------
-------------------iter:2------------------------
distribute,from:,node28-003
monitoring,start,2,PID:,60371
--------------------------------------------------
-------------------iter:3------------------------
distribute,from:,node28-004
monitoring,start,3,PID:,60373
--------------------------------------------------
distribute,from:,node28-001
main,tool,program,PID:,60464
0,0,60464
0,PID_LIST:,60367,60369,60371,60373
0,0,Coordinated,Test,of,Parallel,I/O
0,,:,Fri,Apr,14,15:36:50,2023
Command,line,:,ior,-a,0,-t,500000000,-b,1000000000,-F,-o,/scratch/fuchs/aglippert/machajewskim/testoutput
0,,:,Linux,0
TestID,,:,0
StartTime,,:,Fri,Apr,14,15:36:50,2023
Path,,:,/scratch/fuchs/aglippert/machajewskim
FS,,:,2416,0,Used,FS:,0,Inodes:,0,0,Used,Inodes:,-nan%
