---------------------------------
---------------------------------
Node_LIST:,node25-015,node25-018,node26-005,node26-006
-------------------iter:0------------------------
monitoring,start,0,PID:,30899
--------------------------------------------------
-------------------iter:1------------------------
distribute,from:,node25-018
monitoring,start,1,PID:,30901
--------------------------------------------------
-------------------iter:2------------------------
distribute,from:,node26-005
monitoring,start,2,PID:,30903
--------------------------------------------------
-------------------iter:3------------------------
distribute,from:,node26-006
monitoring,start,3,PID:,30905
--------------------------------------------------
distribute,from:,node25-015
main,tool,program,PID:,30997
0,0,30997
0,PID_LIST:,30899,30901,30903,30905
IOR-3.3.0:,0,Coordinated,Test,of,Parallel,I/O
0,,:,Sat,Apr,15,23:31:25,2023
Command,line,:,ior,-a,0,-t,1000000000,-b,5000000000,-o,/scratch/fuchs/aglippert/machajewskim/testoutput/testFile
0,,:,Linux,node25-015.cm.cluster
TestID,,:,0
StartTime,,:,Sat,Apr,15,23:31:25,2023
Path,,:,/scratch/fuchs/aglippert/machajewskim/testoutput
FS,,:,2416,0,Used,FS:,0,Inodes:,0,0,Used,Inodes:,-nan%
