---------------------------------
---------------------------------
1680705339854204091hamytime.txt
Node_LIST:,node25-008,node25-015,node26-009,node26-010,node34-019
-------------------iter:0------------------------
monitoring,start,0,PID:,124613
--------------------------------------------------
-------------------iter:1------------------------
distribute,from:,node25-015
monitoring,start,1,PID:,124614
--------------------------------------------------
-------------------iter:2------------------------
distribute,from:,node26-009
monitoring,start,2,PID:,124617
--------------------------------------------------
-------------------iter:3------------------------
distribute,from:,node26-010
monitoring,start,3,PID:,124618
--------------------------------------------------
-------------------iter:4------------------------
distribute,from:,node34-019
monitoring,start,4,PID:,124620
--------------------------------------------------
distribute,from:,node25-008
main,tool,program,PID:,124721
MY,MAIN_PID:,124721
MY,PID_LIST:,124613,124614,124617,124618,124620
IOR-3.3.0:,MPI,Coordinated,Test,of,Parallel,I/O
Began,:,Wed,Apr5,16:36:01,2023
Command,line:,ior,-a,MPIIO,-t,1000M,-b,1000M,-C,-F,-e
Machine,:,Linux,node25-008.cm.cluster
TestID:,0
StartTime,:,Wed,Apr5,16:36:01,2023
Path:,/home/fuchs/aglippert/machajewskim/development/node-level-resource-monitoring/src
FS:,36.2,TiB,Used,FS:,10.7%,Inodes:,581.9,Mi,Used,Inodes:,7.3%
