---------------------------------
---------------------------------
1680705339854204091hamytime.txt
Node_LIST: node25-008 node25-015 node26-009 node26-010 node34-019
-------------------iter:0------------------------
monitoring start 0 PID: 124613
--------------------------------------------------
-------------------iter:1------------------------
distribute from: node25-015
monitoring start 1 PID: 124614
--------------------------------------------------
-------------------iter:2------------------------
distribute from: node26-009
monitoring start 2 PID: 124617
--------------------------------------------------
-------------------iter:3------------------------
distribute from: node26-010
monitoring start 3 PID: 124618
--------------------------------------------------
-------------------iter:4------------------------
distribute from: node34-019
monitoring start 4 PID: 124620
--------------------------------------------------
distribute from: node25-008
main tool program PID: 124721
MY MAIN_PID: 124721
MY PID_LIST: 124613 124614 124617 124618 124620
IOR-3.3.0: MPI Coordinated Test of Parallel I/O
Began               : Wed Apr  5 16:36:01 2023
Command line        : ior -a MPIIO -t 1000M -b 1000M -C -F -e
Machine             : Linux node25-008.cm.cluster
TestID              : 0
StartTime           : Wed Apr  5 16:36:01 2023
Path                : /home/fuchs/aglippert/machajewskim/development/node-level-resource-monitoring/src
FS                  : 36.2 TiB   Used FS: 10.7%   Inodes: 581.9 Mi   Used Inodes: 7.3%

Options: 
api                 : MPIIO
apiVersion          : (3.1)
test filename       : testFile
access              : file-per-process
type                : independent
segments            : 1
ordering in a file  : sequential
ordering inter file : constant task offset
task offset         : 1
nodes               : 5
tasks               : 100
clients per node    : 20
repetitions         : 1
xfersize            : 1000 MiB
blocksize           : 1000 MiB
aggregate filesize  : 97.66 GiB

Results: 

access    bw(MiB/s)  IOPS       Latency(s)  block(KiB) xfer(KiB)  open(s)    wr/rd(s)   close(s)   total(s)   iter
------    ---------  ----       ----------  ---------- ---------  --------   --------   --------   --------   ----
WARNING: Expected aggregate file size       = 104857600000.
WARNING: Stat() of aggregate file size      = 27226370048.
WARNING: Using actual aggregate bytes moved = 104857600000.
write     559.12     0.559170   178.83      1024000    1024000    0.023231   178.84     15.90      178.85     0   
WARNING: Expected aggregate file size       = 104857600000.
WARNING: Stat() of aggregate file size      = 27226370048.
WARNING: Using actual aggregate bytes moved = 104857600000.
read      2150.39    2.16       10.65       1024000    1024000    41.98      46.37      39.82      46.50      0   
remove    -          -          -           -          -          -          -          -          5.26       0   
Max Write: 559.12 MiB/sec (586.28 MB/sec)
Max Read:  2150.39 MiB/sec (2254.85 MB/sec)

Summary of all tests:
Operation   Max(MiB)   Min(MiB)  Mean(MiB)     StdDev   Max(OPs)   Min(OPs)  Mean(OPs)     StdDev    Mean(s) Stonewall(s) Stonewall(MiB) Test# #Tasks tPN reps fPP reord reordoff reordrand seed segcnt   blksiz    xsize aggs(MiB)   API RefNum
write         559.12     559.12     559.12       0.00       0.56       0.56       0.56       0.00  178.85223         NA            NA     0    100  20    1   1     1        1         0    0      1 1048576000 1048576000  100000.0 MPIIO      0
read         2150.39    2150.39    2150.39       0.00       2.15       2.15       2.15       0.00   46.50318         NA            NA     0    100  20    1   1     1        1         0    0      1 1048576000 1048576000  100000.0 MPIIO      0
Finished            : Wed Apr  5 16:39:52 2023
TERMINATE METRIC JOB - PID: 124613
./jobdistributor.sh: line 123: kill: (124613) - No such process
TERMINATE METRIC JOB - PID: 124614
./jobdistributor.sh: line 132: 124614 Killed                  mpirun --oversubscribe -npernode 1 -H ${NODE_LIST[$i]} python3 $(pwd)/gstart.py "$2" >> workermon${NODE_LIST[$i]}.txt
TERMINATE METRIC JOB - PID: 124617
./jobdistributor.sh: line 132: 124617 Killed                  mpirun --oversubscribe -npernode 1 -H ${NODE_LIST[$i]} python3 $(pwd)/gstart.py "$2" >> workermon${NODE_LIST[$i]}.txt
TERMINATE METRIC JOB - PID: 124618
./jobdistributor.sh: line 132: 124618 Killed                  mpirun --oversubscribe -npernode 1 -H ${NODE_LIST[$i]} python3 $(pwd)/gstart.py "$2" >> workermon${NODE_LIST[$i]}.txt
TERMINATE METRIC JOB - PID: 124620
./jobdistributor.sh: line 132: 124620 Killed                  mpirun --oversubscribe -npernode 1 -H ${NODE_LIST[$i]} python3 $(pwd)/gstart.py "$2" >> workermon${NODE_LIST[$i]}.txt
\n
