---------------------------------
---------------------------------
Node_LIST:,node29-001,node29-002,node29-003,node29-016
-------------------iter:0------------------------
monitoring,start,0,PID:,115410
--------------------------------------------------
-------------------iter:1------------------------
distribute,from:,node29-002
monitoring,start,1,PID:,115412
--------------------------------------------------
-------------------iter:2------------------------
distribute,from:,node29-003
monitoring,start,2,PID:,115414
--------------------------------------------------
-------------------iter:3------------------------
distribute,from:,node29-016
monitoring,start,3,PID:,115416
--------------------------------------------------
distribute,from:,node29-001
main,tool,program,PID:,115514
0,0,115514
0,PID_LIST:,115410,115412,115414,115416
Start,rehearsal,measurement,0
0,the,performance,in,3,0
World,grid,dimensions,are:,253x253x203
0,dimension,per,process:,65x65x52
