---------------------------------
---------------------------------
Node_LIST: node27-010 node27-011 node27-012
-------------------iter:0------------------------
monitoring start 0 PID: 48859
--------------------------------------------------
-------------------iter:1------------------------
distribute from: node27-011
monitoring start 1 PID: 48861
--------------------------------------------------
-------------------iter:2------------------------
distribute from: node27-012
monitoring start 2 PID: 48863
--------------------------------------------------
distribute from: node27-010
main tool program PID: 48942
MY MAIN_PID: 48942
MY PID_LIST: 48859 48861 48863
IOR-3.3.0: MPI Coordinated Test of Parallel I/O
Began               : Sun Apr 16 11:37:05 2023
Command line        : ior -a MPIIO -t 100M -b 200M -c -k -o /scratch/fuchs/aglippert/machajewskim/testoutput/testFile.out
Machine             : Linux node27-010.cm.cluster
TestID              : 0
StartTime           : Sun Apr 16 11:37:05 2023
Path                : /scratch/fuchs/aglippert/machajewskim/testoutput
FS                  : 2415.8 TiB   Used FS: 19.8%   Inodes: 0.0 Mi   Used Inodes: -nan%

Options: 
api                 : MPIIO
apiVersion          : (3.1)
test filename       : /scratch/fuchs/aglippert/machajewskim/testoutput/testFile.out
access              : single-shared-file
type                : collective
segments            : 1
ordering in a file  : sequential
ordering inter file : no tasks offsets
nodes               : 3
tasks               : 60
clients per node    : 20
repetitions         : 1
xfersize            : 100 MiB
blocksize           : 200 MiB
aggregate filesize  : 11.72 GiB

Results: 

access    bw(MiB/s)  IOPS       Latency(s)  block(KiB) xfer(KiB)  open(s)    wr/rd(s)   close(s)   total(s)   iter
------    ---------  ----       ----------  ---------- ---------  --------   --------   --------   --------   ----
write     254.70     4.14       14.48       204800     102400     17.68      28.99      15.48      47.12      0   
read      248.93     4.01       14.86       204800     102400     17.87      29.96      3.82       48.21      0   
Max Write: 254.70 MiB/sec (267.07 MB/sec)
Max Read:  248.93 MiB/sec (261.02 MB/sec)

Summary of all tests:
Operation   Max(MiB)   Min(MiB)  Mean(MiB)     StdDev   Max(OPs)   Min(OPs)  Mean(OPs)     StdDev    Mean(s) Stonewall(s) Stonewall(MiB) Test# #Tasks tPN reps fPP reord reordoff reordrand seed segcnt   blksiz    xsize aggs(MiB)   API RefNum
write         254.70     254.70     254.70       0.00       2.55       2.55       2.55       0.00   47.11512         NA            NA     0     60  20    1   0     0        1         0    0      1 209715200 104857600   12000.0 MPIIO      0
read          248.93     248.93     248.93       0.00       2.49       2.49       2.49       0.00   48.20680         NA            NA     0     60  20    1   0     0        1         0    0      1 209715200 104857600   12000.0 MPIIO      0
Finished            : Sun Apr 16 11:38:48 2023
TERMINATE METRIC JOB - PID: 48859
./jobdistributor.sh: line 126: kill: (48859) - No such process
TERMINATE METRIC JOB - PID: 48861
./jobdistributor.sh: line 135: 48861 Killed                  mpirun --oversubscribe -npernode 1 -H ${NODE_LIST[$i]} python3 $(pwd)/gstart.py "$2" >> workermon${NODE_LIST[$i]}.txt
TERMINATE METRIC JOB - PID: 48863
./jobdistributor.sh: line 135: 48863 Killed                  mpirun --oversubscribe -npernode 1 -H ${NODE_LIST[$i]} python3 $(pwd)/gstart.py "$2" >> workermon${NODE_LIST[$i]}.txt
\n
