---------------------------------
---------------------------------
Node_LIST:,node24-012,node25-004,node25-005,node25-015,node25-018,node25-020,node26-008
-------------------iter:0------------------------
monitoring,start,0,PID:,119078
--------------------------------------------------
-------------------iter:1------------------------
distribute,from:,node25-004
monitoring,start,1,PID:,119079
--------------------------------------------------
-------------------iter:2------------------------
distribute,from:,node25-005
monitoring,start,2,PID:,119082
--------------------------------------------------
-------------------iter:3------------------------
distribute,from:,node25-015
monitoring,start,3,PID:,119084
--------------------------------------------------
-------------------iter:4------------------------
distribute,from:,node25-018
monitoring,start,4,PID:,119085
--------------------------------------------------
-------------------iter:5------------------------
distribute,from:,node25-020
monitoring,start,5,PID:,119087
--------------------------------------------------
-------------------iter:6------------------------
distribute,from:,node26-008
monitoring,start,6,PID:,119089
--------------------------------------------------
distribute,from:,node24-012
main,tool,program,PID:,119209
0,0,119209
0,PID_LIST:,119078,119079,119082,119084,119085,119087,119089
Start,rehearsal,measurement,process.
0,the,performance,in,3,times.
World,grid,dimensions,are:,28x28x54
0,dimension,per,process:,7x7x12
