---------------------------------
---------------------------------
Node_LIST:,node27-010,node27-011,node27-012
-------------------iter:0------------------------
monitoring,start,0,PID:,44158
--------------------------------------------------
-------------------iter:1------------------------
distribute,from:,node27-011
monitoring,start,1,PID:,44159
--------------------------------------------------
-------------------iter:2------------------------
distribute,from:,node27-012
monitoring,start,2,PID:,44162
--------------------------------------------------
distribute,from:,node27-010
main,tool,program,PID:,44242
0,0,44242
0,PID_LIST:,44158,44159,44162
0,0,Coordinated,Test,of,Parallel,I/O
0,,:,Sun,Apr,16,11:12:22,2023
Command,line,:,ior,-a,0,-t,100000000,-b,300000000,-F,-C,-o,0
0,,:,Linux,0
TestID,,:,0
StartTime,,:,Sun,Apr,16,11:12:22,2023
Path,,:,/home/fuchs/aglippert/machajewskim/development/node-level-resource-monitoring/src
FS,,:,36,0,Used,FS:,0,Inodes:,582,0,Used,Inodes:,0
