---------------------------------
---------------------------------
Node_LIST: node27-010 node27-011 node27-012 node29-013
-------------------iter:0------------------------
monitoring start 0 PID: 27965
--------------------------------------------------
-------------------iter:1------------------------
distribute from: node27-011
monitoring start 1 PID: 27966
--------------------------------------------------
-------------------iter:2------------------------
distribute from: node27-012
monitoring start 2 PID: 27969
--------------------------------------------------
-------------------iter:3------------------------
distribute from: node29-013
monitoring start 3 PID: 27971
--------------------------------------------------
distribute from: node27-010
main tool program PID: 28062
MY MAIN_PID: 28062
MY PID_LIST: 27965 27966 27969 27971
IOR-3.3.0: MPI Coordinated Test of Parallel I/O
Began               : Sun Apr 16 09:42:44 2023
Command line        : ior -a MPIIO -t 1000M -b 1000M -C -F -o /scratch/fuchs/aglippert/machajewskim/testoutput/testFile.out
Machine             : Linux node27-010.cm.cluster
TestID              : 0
StartTime           : Sun Apr 16 09:42:44 2023
Path                : /scratch/fuchs/aglippert/machajewskim/testoutput
FS                  : 2415.8 TiB   Used FS: 19.8%   Inodes: 0.0 Mi   Used Inodes: -nan%

Options: 
api                 : MPIIO
apiVersion          : (3.1)
test filename       : /scratch/fuchs/aglippert/machajewskim/testoutput/testFile.out
access              : file-per-process
type                : independent
segments            : 1
ordering in a file  : sequential
ordering inter file : constant task offset
task offset         : 1
nodes               : 4
tasks               : 80
clients per node    : 20
repetitions         : 1
xfersize            : 1000 MiB
blocksize           : 1000 MiB
aggregate filesize  : 78.12 GiB

Results: 

access    bw(MiB/s)  IOPS       Latency(s)  block(KiB) xfer(KiB)  open(s)    wr/rd(s)   close(s)   total(s)   iter
------    ---------  ----       ----------  ---------- ---------  --------   --------   --------   --------   ----
write     5807       6.02       10.81       1024000    1024000    2.69       13.29      10.32      13.78      0   
read      2671.18    2.74       15.64       1024000    1024000    2.57       29.20      17.53      29.95      0   
remove    -          -          -           -          -          -          -          -          0.260437   0   
Max Write: 5806.58 MiB/sec (6088.64 MB/sec)
Max Read:  2671.18 MiB/sec (2800.94 MB/sec)

Summary of all tests:
Operation   Max(MiB)   Min(MiB)  Mean(MiB)     StdDev   Max(OPs)   Min(OPs)  Mean(OPs)     StdDev    Mean(s) Stonewall(s) Stonewall(MiB) Test# #Tasks tPN reps fPP reord reordoff reordrand seed segcnt   blksiz    xsize aggs(MiB)   API RefNum
write        5806.58    5806.58    5806.58       0.00       5.81       5.81       5.81       0.00   13.77748         NA            NA     0     80  20    1   1     1        1         0    0      1 1048576000 1048576000   80000.0 MPIIO      0
read         2671.18    2671.18    2671.18       0.00       2.67       2.67       2.67       0.00   29.94926         NA            NA     0     80  20    1   1     1        1         0    0      1 1048576000 1048576000   80000.0 MPIIO      0
Finished            : Sun Apr 16 09:43:29 2023
TERMINATE METRIC JOB - PID: 27965
./jobdistributor.sh: line 125: kill: (27965) - No such process
TERMINATE METRIC JOB - PID: 27966
./jobdistributor.sh: line 134: 27966 Killed                  mpirun --oversubscribe -npernode 1 -H ${NODE_LIST[$i]} python3 $(pwd)/gstart.py "$2" >> workermon${NODE_LIST[$i]}.txt
TERMINATE METRIC JOB - PID: 27969
./jobdistributor.sh: line 134: 27969 Killed                  mpirun --oversubscribe -npernode 1 -H ${NODE_LIST[$i]} python3 $(pwd)/gstart.py "$2" >> workermon${NODE_LIST[$i]}.txt
TERMINATE METRIC JOB - PID: 27971
./jobdistributor.sh: line 134: 27971 Killed                  mpirun --oversubscribe -npernode 1 -H ${NODE_LIST[$i]} python3 $(pwd)/gstart.py "$2" >> workermon${NODE_LIST[$i]}.txt
\n
mv: cannot move ‘nodeout_monitoring_2023_04_16_09:42:23’ to a subdirectory of itself, ‘nodeout_monitoring_2023_04_16_09:42:23/nodeout_monitoring_2023_04_16_09:42:23’
