---------------------------------
---------------------------------
Node_LIST:,node27-001,node27-016,node31-019,node32-003
-------------------iter:0------------------------
monitoring,start,0,PID:,28732
--------------------------------------------------
-------------------iter:1------------------------
distribute,from:,node27-016
monitoring,start,1,PID:,28733
--------------------------------------------------
-------------------iter:2------------------------
distribute,from:,node31-019
monitoring,start,2,PID:,28735
--------------------------------------------------
-------------------iter:3------------------------
distribute,from:,node32-003
monitoring,start,3,PID:,28738
--------------------------------------------------
distribute,from:,node27-001
main,tool,program,PID:,28830
0,0,28830
0,PID_LIST:,28732,28733,28735,28738
0,0,Coordinated,Test,of,Parallel,I/O
0,,:,Sun,Apr,16,01:41:16,2023
Command,line,:,ior,-a,0,-t,1000000000,-b,1000000000
0,,:,Linux,0
TestID,,:,0
StartTime,,:,Sun,Apr,16,01:41:16,2023
Path,,:,/home/fuchs/aglippert/machajewskim/development/node-level-resource-monitoring/src
FS,,:,36,0,Used,FS:,0,Inodes:,582,0,Used,Inodes:,0
