---------------------------------
---------------------------------
Node_LIST:,node25-008,node26-007,node27-018,node30-002,node30-003,node30-006,node34-014
-------------------iter:0------------------------
monitoring,start,0,PID:,44151
--------------------------------------------------
-------------------iter:1------------------------
distribute,from:,node26-007
monitoring,start,1,PID:,44153
--------------------------------------------------
-------------------iter:2------------------------
distribute,from:,node27-018
monitoring,start,2,PID:,44155
--------------------------------------------------
-------------------iter:3------------------------
distribute,from:,node30-002
monitoring,start,3,PID:,44157
--------------------------------------------------
-------------------iter:4------------------------
distribute,from:,node30-003
monitoring,start,4,PID:,44158
--------------------------------------------------
-------------------iter:5------------------------
distribute,from:,node30-006
monitoring,start,5,PID:,44161
--------------------------------------------------
-------------------iter:6------------------------
distribute,from:,node34-014
monitoring,start,6,PID:,44162
--------------------------------------------------
distribute,from:,node25-008
main,tool,program,PID:,44284
0,0,44284
0,PID_LIST:,44151,44153,44155,44157,44158,44161,44162
IOR-3.3.0:,0,Coordinated,Test,of,Parallel,I/O
0,,:,Sun,Apr,9,02:37:10,2023
Command,line,:,ior,-a,0,-t,1000000000,-b,1000000000,-C,-F,-e
0,,:,Linux,node25-008.cm.cluster
TestID,,:,0
StartTime,,:,Sun,Apr,9,02:37:10,2023
Path,,:,/home/fuchs/aglippert/machajewskim/development/node-level-resource-monitoring/src
FS,,:,36.2,0,Used,FS:,10.7%,Inodes:,581.9,0,Used,Inodes:,7.3%
