---------------------------------
---------------------------------
Node_LIST:,node27-010,node27-011,node27-012,node29-013
-------------------iter:0------------------------
monitoring,start,0,PID:,37694
--------------------------------------------------
-------------------iter:1------------------------
distribute,from:,node27-011
monitoring,start,1,PID:,37696
--------------------------------------------------
-------------------iter:2------------------------
distribute,from:,node27-012
monitoring,start,2,PID:,37698
--------------------------------------------------
-------------------iter:3------------------------
distribute,from:,node29-013
monitoring,start,3,PID:,37700
--------------------------------------------------
distribute,from:,node27-010
main,tool,program,PID:,37789
0,0,37789
0,PID_LIST:,37694,37696,37698,37700
0,0,Coordinated,Test,of,Parallel,I/O
0,,:,Sun,Apr,16,10:35:30,2023
Command,line,:,ior,-a,0,-t,1000000000,-b,1000000000,-k
0,,:,Linux,0
TestID,,:,0
StartTime,,:,Sun,Apr,16,10:35:30,2023
Path,,:,/scratch/fuchs/aglippert/machajewskim/testoutput/node-level-resource-monitoring/src
FS,,:,2416,0,Used,FS:,0,Inodes:,0,0,Used,Inodes:,-nan%
