---------------------------------
---------------------------------
Node_LIST: node27-010 node27-011 node27-012 node29-013
-------------------iter:0------------------------
monitoring start 0 PID: 31092
--------------------------------------------------
-------------------iter:1------------------------
distribute from: node27-011
monitoring start 1 PID: 31094
--------------------------------------------------
-------------------iter:2------------------------
distribute from: node27-012
monitoring start 2 PID: 31095
--------------------------------------------------
-------------------iter:3------------------------
distribute from: node29-013
monitoring start 3 PID: 31098
--------------------------------------------------
distribute from: node27-010
main tool program PID: 31186
MY MAIN_PID: 31186
MY PID_LIST: 31092 31094 31095 31098
IOR-3.3.0: MPI Coordinated Test of Parallel I/O
Began               : Sun Apr 16 09:58:51 2023
Command line        : ior -a MPIIO -t 1000M -b 1000M -k -C -F -o /scratch/fuchs/aglippert/machajewskim/testoutput/testFile.out
Machine             : Linux node27-010.cm.cluster
TestID              : 0
StartTime           : Sun Apr 16 09:58:51 2023
Path                : /scratch/fuchs/aglippert/machajewskim/testoutput
FS                  : 2415.8 TiB   Used FS: 19.8%   Inodes: 0.0 Mi   Used Inodes: -nan%

Options: 
api                 : MPIIO
apiVersion          : (3.1)
test filename       : /scratch/fuchs/aglippert/machajewskim/testoutput/testFile.out
access              : file-per-process
type                : independent
segments            : 1
ordering in a file  : sequential
ordering inter file : constant task offset
task offset         : 1
nodes               : 4
tasks               : 80
clients per node    : 20
repetitions         : 1
xfersize            : 1000 MiB
blocksize           : 1000 MiB
aggregate filesize  : 78.12 GiB

Results: 

access    bw(MiB/s)  IOPS       Latency(s)  block(KiB) xfer(KiB)  open(s)    wr/rd(s)   close(s)   total(s)   iter
------    ---------  ----       ----------  ---------- ---------  --------   --------   --------   --------   ----
write     5818       6.10       12.62       1024000    1024000    2.03       13.12      9.86       13.75      0   
read      2163.45    2.21       23.59       1024000    1024000    2.91       36.17      29.63      36.98      0   
Max Write: 5817.54 MiB/sec (6100.13 MB/sec)
Max Read:  2163.45 MiB/sec (2268.54 MB/sec)

Summary of all tests:
Operation   Max(MiB)   Min(MiB)  Mean(MiB)     StdDev   Max(OPs)   Min(OPs)  Mean(OPs)     StdDev    Mean(s) Stonewall(s) Stonewall(MiB) Test# #Tasks tPN reps fPP reord reordoff reordrand seed segcnt   blksiz    xsize aggs(MiB)   API RefNum
write        5817.54    5817.54    5817.54       0.00       5.82       5.82       5.82       0.00   13.75153         NA            NA     0     80  20    1   1     1        1         0    0      1 1048576000 1048576000   80000.0 MPIIO      0
read         2163.45    2163.45    2163.45       0.00       2.16       2.16       2.16       0.00   36.97795         NA            NA     0     80  20    1   1     1        1         0    0      1 1048576000 1048576000   80000.0 MPIIO      0
Finished            : Sun Apr 16 09:59:43 2023
TERMINATE METRIC JOB - PID: 31092
./jobdistributor.sh: line 126: kill: (31092) - No such process
TERMINATE METRIC JOB - PID: 31094
./jobdistributor.sh: line 135: 31094 Killed                  mpirun --oversubscribe -npernode 1 -H ${NODE_LIST[$i]} python3 $(pwd)/gstart.py "$2" >> workermon${NODE_LIST[$i]}.txt
TERMINATE METRIC JOB - PID: 31095
./jobdistributor.sh: line 135: 31095 Killed                  mpirun --oversubscribe -npernode 1 -H ${NODE_LIST[$i]} python3 $(pwd)/gstart.py "$2" >> workermon${NODE_LIST[$i]}.txt
TERMINATE METRIC JOB - PID: 31098
./jobdistributor.sh: line 135: 31098 Killed                  mpirun --oversubscribe -npernode 1 -H ${NODE_LIST[$i]} python3 $(pwd)/gstart.py "$2" >> workermon${NODE_LIST[$i]}.txt
\n
