---------------------------------
---------------------------------
Node_LIST:,node29-001,node29-002,node29-003,node29-016
-------------------iter:0------------------------
monitoring,start,0,PID:,53125
--------------------------------------------------
-------------------iter:1------------------------
distribute,from:,node29-002
monitoring,start,1,PID:,53126
--------------------------------------------------
-------------------iter:2------------------------
distribute,from:,node29-003
monitoring,start,2,PID:,53129
--------------------------------------------------
-------------------iter:3------------------------
distribute,from:,node29-016
monitoring,start,3,PID:,53131
--------------------------------------------------
distribute,from:,node29-001
main,tool,program,PID:,53222
0,0,53222
0,PID_LIST:,53125,53126,53129,53131
--------------------------------------------------------------------------
mpirun,was,unable,to,launch,the,specified,application,as,it,could,not,access
or,execute,an,executable:
