---------------------------------
---------------------------------
Node_LIST:,node27-010,node27-011,node27-012
-------------------iter:0------------------------
monitoring,start,0,PID:,50598
--------------------------------------------------
-------------------iter:1------------------------
distribute,from:,node27-011
monitoring,start,1,PID:,50600
--------------------------------------------------
-------------------iter:2------------------------
distribute,from:,node27-012
monitoring,start,2,PID:,50602
--------------------------------------------------
distribute,from:,node27-010
main,tool,program,PID:,50683
0,0,50683
0,PID_LIST:,50598,50600,50602
IOR-3.3.0:,0,Coordinated,Test,of,Parallel,I/O
0,,:,Sun,Apr,16,11:46:18,2023
Command,line,:,ior,-a,0,-t,300000000,-b,300000000,-C,-F,-c,-k,-o,0
0,,:,Linux,node27-010.cm.cluster
TestID,,:,0
StartTime,,:,Sun,Apr,16,11:46:18,2023
Path,,:,/scratch/fuchs/aglippert/machajewskim/testoutput
FS,,:,2416,0,Used,FS:,0,Inodes:,0,0,Used,Inodes:,-nan%
