---------------------------------
---------------------------------
Node_LIST:,node27-010,node27-011,node27-012
-------------------iter:0------------------------
monitoring,start,0,PID:,52718
--------------------------------------------------
-------------------iter:1------------------------
distribute,from:,node27-011
monitoring,start,1,PID:,52720
--------------------------------------------------
-------------------iter:2------------------------
distribute,from:,node27-012
monitoring,start,2,PID:,52722
--------------------------------------------------
distribute,from:,node27-010
main,tool,program,PID:,52803
0,0,52803
0,PID_LIST:,52718,52720,52722
0,0,Coordinated,Test,of,Parallel,I/O
0,,:,Sun,Apr,16,11:58:36,2023
Command,line,:,ior,-a,0,-t,500000000,-b,500000000,-k,-o,0
0,,:,Linux,0
TestID,,:,0
StartTime,,:,Sun,Apr,16,11:58:36,2023
Path,,:,/scratch/fuchs/aglippert/machajewskim/testoutput
FS,,:,2416,0,Used,FS:,0,Inodes:,0,0,Used,Inodes:,-nan%
