---------------------------------
---------------------------------
Node_LIST: node27-010 node27-011 node27-012
-------------------iter:0------------------------
monitoring start 0 PID: 52718
--------------------------------------------------
-------------------iter:1------------------------
distribute from: node27-011
monitoring start 1 PID: 52720
--------------------------------------------------
-------------------iter:2------------------------
distribute from: node27-012
monitoring start 2 PID: 52722
--------------------------------------------------
distribute from: node27-010
main tool program PID: 52803
MY MAIN_PID: 52803
MY PID_LIST: 52718 52720 52722
IOR-3.3.0: MPI Coordinated Test of Parallel I/O
Began               : Sun Apr 16 11:58:36 2023
Command line        : ior -a MPIIO -t 500M -b 500M -k -o /scratch/fuchs/aglippert/machajewskim/testoutput/testFile.out
Machine             : Linux node27-010.cm.cluster
TestID              : 0
StartTime           : Sun Apr 16 11:58:36 2023
Path                : /scratch/fuchs/aglippert/machajewskim/testoutput
FS                  : 2415.8 TiB   Used FS: 19.8%   Inodes: 0.0 Mi   Used Inodes: -nan%

Options: 
api                 : MPIIO
apiVersion          : (3.1)
test filename       : /scratch/fuchs/aglippert/machajewskim/testoutput/testFile.out
access              : single-shared-file
type                : independent
segments            : 1
ordering in a file  : sequential
ordering inter file : no tasks offsets
nodes               : 3
tasks               : 45
clients per node    : 15
repetitions         : 1
xfersize            : 500 MiB
blocksize           : 500 MiB
aggregate filesize  : 21.97 GiB

Results: 

access    bw(MiB/s)  IOPS       Latency(s)  block(KiB) xfer(KiB)  open(s)    wr/rd(s)   close(s)   total(s)   iter
------    ---------  ----       ----------  ---------- ---------  --------   --------   --------   --------   ----
write     532.08     1.36       12.42       512000     512000     8.94       33.13      32.14      42.29      0   
read      571.63     1.31       26.11       512000     512000     4.34       34.42      9.35       39.36      0   
Max Write: 532.08 MiB/sec (557.93 MB/sec)
Max Read:  571.63 MiB/sec (599.39 MB/sec)

Summary of all tests:
Operation   Max(MiB)   Min(MiB)  Mean(MiB)     StdDev   Max(OPs)   Min(OPs)  Mean(OPs)     StdDev    Mean(s) Stonewall(s) Stonewall(MiB) Test# #Tasks tPN reps fPP reord reordoff reordrand seed segcnt   blksiz    xsize aggs(MiB)   API RefNum
write         532.08     532.08     532.08       0.00       1.06       1.06       1.06       0.00   42.28651         NA            NA     0     45  15    1   0     0        1         0    0      1 524288000 524288000   22500.0 MPIIO      0
read          571.63     571.63     571.63       0.00       1.14       1.14       1.14       0.00   39.36143         NA            NA     0     45  15    1   0     0        1         0    0      1 524288000 524288000   22500.0 MPIIO      0
Finished            : Sun Apr 16 12:00:02 2023
TERMINATE METRIC JOB - PID: 52718
./jobdistributor.sh: line 126: kill: (52718) - No such process
TERMINATE METRIC JOB - PID: 52720
./jobdistributor.sh: line 135: 52720 Killed                  mpirun --oversubscribe -npernode 1 -H ${NODE_LIST[$i]} python3 $(pwd)/gstart.py "$2" >> workermon${NODE_LIST[$i]}.txt
TERMINATE METRIC JOB - PID: 52722
./jobdistributor.sh: line 135: 52722 Killed                  mpirun --oversubscribe -npernode 1 -H ${NODE_LIST[$i]} python3 $(pwd)/gstart.py "$2" >> workermon${NODE_LIST[$i]}.txt
\n
