---------------------------------
---------------------------------
Node_LIST:,node27-010,node27-011,node27-012
-------------------iter:0------------------------
monitoring,start,0,PID:,47597
--------------------------------------------------
-------------------iter:1------------------------
distribute,from:,node27-011
monitoring,start,1,PID:,47599
--------------------------------------------------
-------------------iter:2------------------------
distribute,from:,node27-012
monitoring,start,2,PID:,47601
--------------------------------------------------
distribute,from:,node27-010
main,tool,program,PID:,47680
0,0,47680
0,PID_LIST:,47597,47599,47601
0,0,Coordinated,Test,of,Parallel,I/O
0,,:,Sun,Apr,16,11:31:06,2023
Command,line,:,ior,-a,0,-t,100000000,-b,200000000,-c,-o,0
0,,:,Linux,0
TestID,,:,0
StartTime,,:,Sun,Apr,16,11:31:06,2023
Path,,:,/scratch/fuchs/aglippert/machajewskim/testoutput
FS,,:,2416,0,Used,FS:,0,Inodes:,0,0,Used,Inodes:,-nan%
