---------------------------------
---------------------------------
Node_LIST: node27-010 node27-011 node27-012
-------------------iter:0------------------------
monitoring start 0 PID: 47597
--------------------------------------------------
-------------------iter:1------------------------
distribute from: node27-011
monitoring start 1 PID: 47599
--------------------------------------------------
-------------------iter:2------------------------
distribute from: node27-012
monitoring start 2 PID: 47601
--------------------------------------------------
distribute from: node27-010
main tool program PID: 47680
MY MAIN_PID: 47680
MY PID_LIST: 47597 47599 47601
IOR-3.3.0: MPI Coordinated Test of Parallel I/O
Began               : Sun Apr 16 11:31:06 2023
Command line        : ior -a MPIIO -t 100M -b 200M -c -o /scratch/fuchs/aglippert/machajewskim/testoutput/testFile.out
Machine             : Linux node27-010.cm.cluster
TestID              : 0
StartTime           : Sun Apr 16 11:31:06 2023
Path                : /scratch/fuchs/aglippert/machajewskim/testoutput
FS                  : 2415.8 TiB   Used FS: 19.8%   Inodes: 0.0 Mi   Used Inodes: -nan%

Options: 
api                 : MPIIO
apiVersion          : (3.1)
test filename       : /scratch/fuchs/aglippert/machajewskim/testoutput/testFile.out
access              : single-shared-file
type                : collective
segments            : 1
ordering in a file  : sequential
ordering inter file : no tasks offsets
nodes               : 3
tasks               : 60
clients per node    : 20
repetitions         : 1
xfersize            : 100 MiB
blocksize           : 200 MiB
aggregate filesize  : 11.72 GiB

Results: 

access    bw(MiB/s)  IOPS       Latency(s)  block(KiB) xfer(KiB)  open(s)    wr/rd(s)   close(s)   total(s)   iter
------    ---------  ----       ----------  ---------- ---------  --------   --------   --------   --------   ----
write     329.27     6.25       9.60        204800     102400     17.23      19.19      8.14       36.44      0   
read      360.80     4.76       12.46       204800     102400     7.74       25.21      3.59       33.26      0   
remove    -          -          -           -          -          -          -          -          0.019926   0   
Max Write: 329.27 MiB/sec (345.27 MB/sec)
Max Read:  360.80 MiB/sec (378.33 MB/sec)

Summary of all tests:
Operation   Max(MiB)   Min(MiB)  Mean(MiB)     StdDev   Max(OPs)   Min(OPs)  Mean(OPs)     StdDev    Mean(s) Stonewall(s) Stonewall(MiB) Test# #Tasks tPN reps fPP reord reordoff reordrand seed segcnt   blksiz    xsize aggs(MiB)   API RefNum
write         329.27     329.27     329.27       0.00       3.29       3.29       3.29       0.00   36.44409         NA            NA     0     60  20    1   0     0        1         0    0      1 209715200 104857600   12000.0 MPIIO      0
read          360.80     360.80     360.80       0.00       3.61       3.61       3.61       0.00   33.25939         NA            NA     0     60  20    1   0     0        1         0    0      1 209715200 104857600   12000.0 MPIIO      0
Finished            : Sun Apr 16 11:32:22 2023
TERMINATE METRIC JOB - PID: 47597
./jobdistributor.sh: line 126: kill: (47597) - No such process
TERMINATE METRIC JOB - PID: 47599
./jobdistributor.sh: line 135: 47599 Killed                  mpirun --oversubscribe -npernode 1 -H ${NODE_LIST[$i]} python3 $(pwd)/gstart.py "$2" >> workermon${NODE_LIST[$i]}.txt
TERMINATE METRIC JOB - PID: 47601
./jobdistributor.sh: line 135: 47601 Killed                  mpirun --oversubscribe -npernode 1 -H ${NODE_LIST[$i]} python3 $(pwd)/gstart.py "$2" >> workermon${NODE_LIST[$i]}.txt
\n
